<!DOCTYPE html>

<html>
  <head>
  <meta charset='utf-8'>
  <title>TestNG reports</title>

    <link type="text/css" href="testng-reports.css" rel="stylesheet" />
    <script type="text/javascript" src="jquery-1.7.1.min.js"></script>
    <script type="text/javascript" src="testng-reports.js"></script>
    <script type="text/javascript" src="https://www.google.com/jsapi"></script>
    <script type='text/javascript'>
      google.load('visualization', '1', {packages:['table']});
      google.setOnLoadCallback(drawTable);
      var suiteTableInitFunctions = new Array();
      var suiteTableData = new Array();
    </script>
    <!--
      <script type="text/javascript" src="jquery-ui/js/jquery-ui-1.8.16.custom.min.js"></script>
     -->
  </head>

  <body>
    <div class="top-banner-root">
      <span class="top-banner-title-font">Test results</span>
      <br/>
      <span class="top-banner-font-1">1 suite, 6 failed tests</span>
    </div> <!-- top-banner-root -->
    <div class="navigator-root">
      <div class="navigator-suite-header">
        <span>All suites</span>
        <a href="#" class="collapse-all-link" title="Collapse/expand all the suites">
          <img class="collapse-all-icon" src="collapseall.gif">
          </img> <!-- collapse-all-icon -->
        </a> <!-- collapse-all-link -->
      </div> <!-- navigator-suite-header -->
      <div class="suite">
        <div class="rounded-window">
          <div class="suite-header light-rounded-window-top">
            <a href="#" class="navigator-link" panel-name="suite-Test_Suite">
              <span class="suite-name border-failed">Test Suite</span>
            </a> <!-- navigator-link -->
          </div> <!-- suite-header light-rounded-window-top -->
          <div class="navigator-suite-content">
            <div class="suite-section-title">
              <span>Info</span>
            </div> <!-- suite-section-title -->
            <div class="suite-section-content">
              <ul>
                <li>
                  <a href="#" class="navigator-link " panel-name="test-xml-Test_Suite">
                    <span>C:\Users\cchinnaiah\workspacedebug\RestTestProject\testsuite.xml</span>
                  </a> <!-- navigator-link  -->
                </li>
                <li>
                  <a href="#" class="navigator-link " panel-name="testlist-Test_Suite">
                    <span class="test-stats">1 test</span>
                  </a> <!-- navigator-link  -->
                </li>
                <li>
                  <a href="#" class="navigator-link " panel-name="group-Test_Suite">
                    <span>0 groups</span>
                  </a> <!-- navigator-link  -->
                </li>
                <li>
                  <a href="#" class="navigator-link " panel-name="times-Test_Suite">
                    <span>Times</span>
                  </a> <!-- navigator-link  -->
                </li>
                <li>
                  <a href="#" class="navigator-link " panel-name="reporter-Test_Suite">
                    <span>Reporter output</span>
                  </a> <!-- navigator-link  -->
                </li>
                <li>
                  <a href="#" class="navigator-link " panel-name="ignored-methods-Test_Suite">
                    <span>Ignored methods</span>
                  </a> <!-- navigator-link  -->
                </li>
                <li>
                  <a href="#" class="navigator-link " panel-name="chronological-Test_Suite">
                    <span>Chronological view</span>
                  </a> <!-- navigator-link  -->
                </li>
              </ul>
            </div> <!-- suite-section-content -->
            <div class="result-section">
              <div class="suite-section-title">
                <span>Results</span>
              </div> <!-- suite-section-title -->
              <div class="suite-section-content">
                <ul>
                  <li>
                    <span class="method-stats">9 methods, 6 failed,   3 passed</span>
                  </li>
                  <li>
                    <span class="method-list-title failed">Failed methods</span>
                    <span class="show-or-hide-methods failed">
                      <a href="#" panel-name="suite-Test_Suite" class="hide-methods failed suite-Test_Suite"> (hide)</a> <!-- hide-methods failed suite-Test_Suite -->
                      <a href="#" panel-name="suite-Test_Suite" class="show-methods failed suite-Test_Suite"> (show)</a> <!-- show-methods failed suite-Test_Suite -->
                    </span>
                    <div class="method-list-content failed suite-Test_Suite">
                      <span>
                        <img width="3%" src="failed.png"/>
                        <a href="#" class="method navigator-link" panel-name="suite-Test_Suite" title="com.test.project.tests.CreateEmail_POST_Test" hash-for-method="createEmailValidAndInvalidInputFieldValues({***Comments on TestData***=SpecialCharacterLastName, StatusCode=400, ExpectedEmail=restapi.com, Fir...)">createEmailValidAndInvalidInputFieldValues({***Comments on TestData***=SpecialCharacterLastName, StatusCode=400, ExpectedEmail=restapi.com, Fir...)</a> <!-- method navigator-link -->
                      </span>
                      <br/>
                      <span>
                        <img width="3%" src="failed.png"/>
                        <a href="#" class="method navigator-link" panel-name="suite-Test_Suite" title="com.test.project.tests.CreateEmail_POST_Test" hash-for-method="createEmailValidAndInvalidInputFieldValues({***Comments on TestData***=TitleNotGiven, StatusCode=200, ExpectedEmail=chantest.com, FirstName=Cha...)">createEmailValidAndInvalidInputFieldValues({***Comments on TestData***=TitleNotGiven, StatusCode=200, ExpectedEmail=chantest.com, FirstName=Cha...)</a> <!-- method navigator-link -->
                      </span>
                      <br/>
                      <span>
                        <img width="3%" src="failed.png"/>
                        <a href="#" class="method navigator-link" panel-name="suite-Test_Suite" title="com.test.project.tests.CreateEmail_POST_Test" hash-for-method="createEmailValidAndInvalidInputFieldValues({***Comments on TestData***=MaximumLengthExceeded, StatusCode=400, ExpectedEmail=dytgmail.com, First...)">createEmailValidAndInvalidInputFieldValues({***Comments on TestData***=MaximumLengthExceeded, StatusCode=400, ExpectedEmail=dytgmail.com, First...)</a> <!-- method navigator-link -->
                      </span>
                      <br/>
                      <span>
                        <img width="3%" src="failed.png"/>
                        <a href="#" class="method navigator-link" panel-name="suite-Test_Suite" title="com.test.project.tests.CreateEmail_POST_Test" hash-for-method="createEmailValidAndInvalidInputFieldValues({***Comments on TestData***=WrongPassword, StatusCode=401, ExpectedEmail=restapi.com, FirstName=Rest...)">createEmailValidAndInvalidInputFieldValues({***Comments on TestData***=WrongPassword, StatusCode=401, ExpectedEmail=restapi.com, FirstName=Rest...)</a> <!-- method navigator-link -->
                      </span>
                      <br/>
                      <span>
                        <img width="3%" src="failed.png"/>
                        <a href="#" class="method navigator-link" panel-name="suite-Test_Suite" title="com.test.project.tests.CreateEmail_POST_Test" hash-for-method="createEmailValidAndInvalidInputFieldValues({***Comments on TestData***=NoLastName, StatusCode=400, ExpectedEmail=dytgmail.com, FirstName=David,...)">createEmailValidAndInvalidInputFieldValues({***Comments on TestData***=NoLastName, StatusCode=400, ExpectedEmail=dytgmail.com, FirstName=David,...)</a> <!-- method navigator-link -->
                      </span>
                      <br/>
                      <span>
                        <img width="3%" src="failed.png"/>
                        <a href="#" class="method navigator-link" panel-name="suite-Test_Suite" title="com.test.project.tests.CreateEmail_POST_Test" hash-for-method="createEmailValidAndInvalidInputFieldValues({***Comments on TestData***=NumericValuesForNames, StatusCode=400, ExpectedEmail=dytgmail.com, First...)">createEmailValidAndInvalidInputFieldValues({***Comments on TestData***=NumericValuesForNames, StatusCode=400, ExpectedEmail=dytgmail.com, First...)</a> <!-- method navigator-link -->
                      </span>
                      <br/>
                    </div> <!-- method-list-content failed suite-Test_Suite -->
                  </li>
                  <li>
                    <span class="method-list-title passed">Passed methods</span>
                    <span class="show-or-hide-methods passed">
                      <a href="#" panel-name="suite-Test_Suite" class="hide-methods passed suite-Test_Suite"> (hide)</a> <!-- hide-methods passed suite-Test_Suite -->
                      <a href="#" panel-name="suite-Test_Suite" class="show-methods passed suite-Test_Suite"> (show)</a> <!-- show-methods passed suite-Test_Suite -->
                    </span>
                    <div class="method-list-content passed suite-Test_Suite">
                      <span>
                        <img width="3%" src="passed.png"/>
                        <a href="#" class="method navigator-link" panel-name="suite-Test_Suite" title="com.test.project.tests.CreateEmail_POST_Test" hash-for-method="createEmailValidAndInvalidInputFieldValues({***Comments on TestData***=ValidData, StatusCode=200, ExpectedEmail=dytgmail.com, FirstName=David, ...)">createEmailValidAndInvalidInputFieldValues({***Comments on TestData***=ValidData, StatusCode=200, ExpectedEmail=dytgmail.com, FirstName=David, ...)</a> <!-- method navigator-link -->
                      </span>
                      <br/>
                      <span>
                        <img width="3%" src="passed.png"/>
                        <a href="#" class="method navigator-link" panel-name="suite-Test_Suite" title="com.test.project.tests.DeleteEmail_DELETE_Test" hash-for-method="deleteEmail">deleteEmail</a> <!-- method navigator-link -->
                      </span>
                      <br/>
                      <span>
                        <img width="3%" src="passed.png"/>
                        <a href="#" class="method navigator-link" panel-name="suite-Test_Suite" title="com.test.project.tests.RetrieveEmail_GET_Test" hash-for-method="getEmail">getEmail</a> <!-- method navigator-link -->
                      </span>
                      <br/>
                    </div> <!-- method-list-content passed suite-Test_Suite -->
                  </li>
                </ul>
              </div> <!-- suite-section-content -->
            </div> <!-- result-section -->
          </div> <!-- navigator-suite-content -->
        </div> <!-- rounded-window -->
      </div> <!-- suite -->
    </div> <!-- navigator-root -->
    <div class="wrapper">
      <div class="main-panel-root">
        <div panel-name="suite-Test_Suite" class="panel Test_Suite">
          <div class="suite-Test_Suite-class-failed">
            <div class="main-panel-header rounded-window-top">
              <img src="failed.png"/>
              <span class="class-name">com.test.project.tests.CreateEmail_POST_Test</span>
            </div> <!-- main-panel-header rounded-window-top -->
            <div class="main-panel-content rounded-window-bottom">
              <div class="method">
                <div class="method-content">
                  <a name="createEmailValidAndInvalidInputFieldValues({***Comments on TestData***=SpecialCharacterLastName, StatusCode=400, ExpectedEmail=restapi.com, Fir...)">
                  </a> <!-- createEmailValidAndInvalidInputFieldValues({***Comments on TestData***=SpecialCharacterLastName, StatusCode=400, ExpectedEmail=restapi.com, Fir...) -->
                  <span class="method-name">createEmailValidAndInvalidInputFieldValues</span>
                  <span class="parameters">({***Comments on TestData***=SpecialCharacterLastName, StatusCode=400, ExpectedEmail=restapi.com, FirstName=Rest, Password=a2q4y4Qs, LastName=&%$Â£"$, Title=Mr, Email=rest@api.com})</span>
                  <div class="stack-trace">java.lang.AssertionError: 1 expectation failed.
Expected status code &lt;400&gt; but was &lt;200&gt;.

	at org.codehaus.groovy.runtime.callsite.ConstructorSite$ConstructorSiteNoUnwrap.callConstructor(ConstructorSite.java:84)
	at org.codehaus.groovy.runtime.callsite.AbstractCallSite.callConstructor(AbstractCallSite.java:247)
	at io.restassured.internal.ResponseSpecificationImpl$HamcrestAssertionClosure.validate(ResponseSpecificationImpl.groovy:471)
	at io.restassured.internal.ResponseSpecificationImpl$HamcrestAssertionClosure$validate$1.call(Unknown Source)
	at io.restassured.internal.ResponseSpecificationImpl.validateResponseIfRequired(ResponseSpecificationImpl.groovy:643)
	at org.codehaus.groovy.runtime.callsite.PogoMetaMethodSite$PogoCachedMethodSiteNoUnwrapNoCoerce.invoke(PogoMetaMethodSite.java:210)
	at org.codehaus.groovy.runtime.callsite.PogoMetaMethodSite.callCurrent(PogoMetaMethodSite.java:59)
	at org.codehaus.groovy.runtime.callsite.AbstractCallSite.callCurrent(AbstractCallSite.java:166)
	at io.restassured.internal.ResponseSpecificationImpl.statusCode(ResponseSpecificationImpl.groovy:122)
	at io.restassured.specification.ResponseSpecification$statusCode$0.callCurrent(Unknown Source)
	at io.restassured.internal.ResponseSpecificationImpl.statusCode(ResponseSpecificationImpl.groovy:130)
	at io.restassured.internal.ValidatableResponseOptionsImpl.statusCode(ValidatableResponseOptionsImpl.java:117)
	at com.test.project.tests.CreateEmail_POST_Test.createEmailValidAndInvalidInputFieldValues(CreateEmail_POST_Test.java:69)
... Removed 35 stack frames
</div> <!-- stack-trace -->
                </div> <!-- method-content -->
              </div> <!-- method -->
              <div class="method">
                <div class="method-content">
                  <a name="createEmailValidAndInvalidInputFieldValues({***Comments on TestData***=TitleNotGiven, StatusCode=200, ExpectedEmail=chantest.com, FirstName=Cha...)">
                  </a> <!-- createEmailValidAndInvalidInputFieldValues({***Comments on TestData***=TitleNotGiven, StatusCode=200, ExpectedEmail=chantest.com, FirstName=Cha...) -->
                  <span class="method-name">createEmailValidAndInvalidInputFieldValues</span>
                  <span class="parameters">({***Comments on TestData***=TitleNotGiven, StatusCode=200, ExpectedEmail=chantest.com, FirstName=Chan, Password=a2q4yyQs, LastName=Test, Title=, Email=chan@test.com})</span>
                  <div class="stack-trace">java.lang.AssertionError: 1 expectation failed.
JSON path body.customerId doesn&apos;t match.
Expected: chantest.com
  Actual: null

	at org.codehaus.groovy.runtime.callsite.ConstructorSite$ConstructorSiteNoUnwrap.callConstructor(ConstructorSite.java:84)
	at org.codehaus.groovy.runtime.callsite.AbstractCallSite.callConstructor(AbstractCallSite.java:247)
	at io.restassured.internal.ResponseSpecificationImpl$HamcrestAssertionClosure.validate(ResponseSpecificationImpl.groovy:471)
	at io.restassured.internal.ResponseSpecificationImpl$HamcrestAssertionClosure$validate$1.call(Unknown Source)
	at io.restassured.internal.ResponseSpecificationImpl.validateResponseIfRequired(ResponseSpecificationImpl.groovy:643)
	at org.codehaus.groovy.runtime.callsite.PogoMetaMethodSite$PogoCachedMethodSiteNoUnwrapNoCoerce.invoke(PogoMetaMethodSite.java:210)
	at org.codehaus.groovy.runtime.callsite.PogoMetaMethodSite.callCurrent(PogoMetaMethodSite.java:59)
	at org.codehaus.groovy.runtime.callsite.AbstractCallSite.callCurrent(AbstractCallSite.java:166)
	at io.restassured.internal.ResponseSpecificationImpl.content(ResponseSpecificationImpl.groovy:265)
	at io.restassured.specification.ResponseSpecification$content$1.callCurrent(Unknown Source)
	at io.restassured.internal.ResponseSpecificationImpl.body(ResponseSpecificationImpl.groovy:248)
	at io.restassured.internal.ValidatableResponseOptionsImpl.body(ValidatableResponseOptionsImpl.java:268)
	at com.test.project.tests.CreateEmail_POST_Test.createEmailValidAndInvalidInputFieldValues(CreateEmail_POST_Test.java:70)
... Removed 35 stack frames
</div> <!-- stack-trace -->
                </div> <!-- method-content -->
              </div> <!-- method -->
              <div class="method">
                <div class="method-content">
                  <a name="createEmailValidAndInvalidInputFieldValues({***Comments on TestData***=MaximumLengthExceeded, StatusCode=400, ExpectedEmail=dytgmail.com, First...)">
                  </a> <!-- createEmailValidAndInvalidInputFieldValues({***Comments on TestData***=MaximumLengthExceeded, StatusCode=400, ExpectedEmail=dytgmail.com, First...) -->
                  <span class="method-name">createEmailValidAndInvalidInputFieldValues</span>
                  <span class="parameters">({***Comments on TestData***=MaximumLengthExceeded, StatusCode=400, ExpectedEmail=dytgmail.com, FirstName=David, Password=a2q4y4Qu, LastName=%AllenBuckinghamshireMiltonKeynesUnitedKingdom, Title=Mr, Email=dyt@gmail.com})</span>
                  <div class="stack-trace">java.lang.AssertionError: 1 expectation failed.
Expected status code &lt;400&gt; but was &lt;200&gt;.

	at org.codehaus.groovy.runtime.callsite.ConstructorSite$ConstructorSiteNoUnwrap.callConstructor(ConstructorSite.java:84)
	at org.codehaus.groovy.runtime.callsite.AbstractCallSite.callConstructor(AbstractCallSite.java:247)
	at io.restassured.internal.ResponseSpecificationImpl$HamcrestAssertionClosure.validate(ResponseSpecificationImpl.groovy:471)
	at io.restassured.internal.ResponseSpecificationImpl$HamcrestAssertionClosure$validate$1.call(Unknown Source)
	at io.restassured.internal.ResponseSpecificationImpl.validateResponseIfRequired(ResponseSpecificationImpl.groovy:643)
	at org.codehaus.groovy.runtime.callsite.PogoMetaMethodSite$PogoCachedMethodSiteNoUnwrapNoCoerce.invoke(PogoMetaMethodSite.java:210)
	at org.codehaus.groovy.runtime.callsite.PogoMetaMethodSite.callCurrent(PogoMetaMethodSite.java:59)
	at org.codehaus.groovy.runtime.callsite.AbstractCallSite.callCurrent(AbstractCallSite.java:166)
	at io.restassured.internal.ResponseSpecificationImpl.statusCode(ResponseSpecificationImpl.groovy:122)
	at io.restassured.specification.ResponseSpecification$statusCode$0.callCurrent(Unknown Source)
	at io.restassured.internal.ResponseSpecificationImpl.statusCode(ResponseSpecificationImpl.groovy:130)
	at io.restassured.internal.ValidatableResponseOptionsImpl.statusCode(ValidatableResponseOptionsImpl.java:117)
	at com.test.project.tests.CreateEmail_POST_Test.createEmailValidAndInvalidInputFieldValues(CreateEmail_POST_Test.java:69)
... Removed 35 stack frames
</div> <!-- stack-trace -->
                </div> <!-- method-content -->
              </div> <!-- method -->
              <div class="method">
                <div class="method-content">
                  <a name="createEmailValidAndInvalidInputFieldValues({***Comments on TestData***=WrongPassword, StatusCode=401, ExpectedEmail=restapi.com, FirstName=Rest...)">
                  </a> <!-- createEmailValidAndInvalidInputFieldValues({***Comments on TestData***=WrongPassword, StatusCode=401, ExpectedEmail=restapi.com, FirstName=Rest...) -->
                  <span class="method-name">createEmailValidAndInvalidInputFieldValues</span>
                  <span class="parameters">({***Comments on TestData***=WrongPassword, StatusCode=401, ExpectedEmail=restapi.com, FirstName=Rest, Password=b21r4Qs, LastName=APITest, Title=Mr, Email=rest@api.com})</span>
                  <div class="stack-trace">java.lang.AssertionError: 1 expectation failed.
Expected status code &lt;401&gt; but was &lt;200&gt;.

	at org.codehaus.groovy.runtime.callsite.ConstructorSite$ConstructorSiteNoUnwrap.callConstructor(ConstructorSite.java:84)
	at org.codehaus.groovy.runtime.callsite.CallSiteArray.defaultCallConstructor(CallSiteArray.java:60)
	at org.codehaus.groovy.runtime.callsite.AbstractCallSite.callConstructor(AbstractCallSite.java:235)
	at org.codehaus.groovy.runtime.callsite.AbstractCallSite.callConstructor(AbstractCallSite.java:247)
	at io.restassured.internal.ResponseSpecificationImpl$HamcrestAssertionClosure.validate(ResponseSpecificationImpl.groovy:471)
	at io.restassured.internal.ResponseSpecificationImpl$HamcrestAssertionClosure$validate$1.call(Unknown Source)
	at io.restassured.internal.ResponseSpecificationImpl.validateResponseIfRequired(ResponseSpecificationImpl.groovy:643)
	at org.codehaus.groovy.runtime.callsite.PogoMetaMethodSite$PogoCachedMethodSiteNoUnwrapNoCoerce.invoke(PogoMetaMethodSite.java:210)
	at org.codehaus.groovy.runtime.callsite.PogoMetaMethodSite.callCurrent(PogoMetaMethodSite.java:59)
	at org.codehaus.groovy.runtime.callsite.AbstractCallSite.callCurrent(AbstractCallSite.java:166)
	at io.restassured.internal.ResponseSpecificationImpl.statusCode(ResponseSpecificationImpl.groovy:122)
	at io.restassured.specification.ResponseSpecification$statusCode$0.callCurrent(Unknown Source)
	at io.restassured.internal.ResponseSpecificationImpl.statusCode(ResponseSpecificationImpl.groovy:130)
	at io.restassured.internal.ValidatableResponseOptionsImpl.statusCode(ValidatableResponseOptionsImpl.java:117)
	at com.test.project.tests.CreateEmail_POST_Test.createEmailValidAndInvalidInputFieldValues(CreateEmail_POST_Test.java:69)
... Removed 35 stack frames
</div> <!-- stack-trace -->
                </div> <!-- method-content -->
              </div> <!-- method -->
              <div class="method">
                <div class="method-content">
                  <a name="createEmailValidAndInvalidInputFieldValues({***Comments on TestData***=NoLastName, StatusCode=400, ExpectedEmail=dytgmail.com, FirstName=David,...)">
                  </a> <!-- createEmailValidAndInvalidInputFieldValues({***Comments on TestData***=NoLastName, StatusCode=400, ExpectedEmail=dytgmail.com, FirstName=David,...) -->
                  <span class="method-name">createEmailValidAndInvalidInputFieldValues</span>
                  <span class="parameters">({***Comments on TestData***=NoLastName, StatusCode=400, ExpectedEmail=dytgmail.com, FirstName=David, Password=a2q4y4Qu, LastName=, Title=Mr, Email=dyt@gmail.com})</span>
                  <div class="stack-trace">java.lang.AssertionError: 1 expectation failed.
Expected status code &lt;400&gt; but was &lt;200&gt;.

	at org.codehaus.groovy.runtime.callsite.ConstructorSite$ConstructorSiteNoUnwrap.callConstructor(ConstructorSite.java:84)
	at org.codehaus.groovy.runtime.callsite.AbstractCallSite.callConstructor(AbstractCallSite.java:247)
	at io.restassured.internal.ResponseSpecificationImpl$HamcrestAssertionClosure.validate(ResponseSpecificationImpl.groovy:471)
	at io.restassured.internal.ResponseSpecificationImpl$HamcrestAssertionClosure$validate$1.call(Unknown Source)
	at io.restassured.internal.ResponseSpecificationImpl.validateResponseIfRequired(ResponseSpecificationImpl.groovy:643)
	at org.codehaus.groovy.runtime.callsite.PogoMetaMethodSite$PogoCachedMethodSiteNoUnwrapNoCoerce.invoke(PogoMetaMethodSite.java:210)
	at org.codehaus.groovy.runtime.callsite.PogoMetaMethodSite.callCurrent(PogoMetaMethodSite.java:59)
	at org.codehaus.groovy.runtime.callsite.AbstractCallSite.callCurrent(AbstractCallSite.java:166)
	at io.restassured.internal.ResponseSpecificationImpl.statusCode(ResponseSpecificationImpl.groovy:122)
	at io.restassured.specification.ResponseSpecification$statusCode$0.callCurrent(Unknown Source)
	at io.restassured.internal.ResponseSpecificationImpl.statusCode(ResponseSpecificationImpl.groovy:130)
	at io.restassured.internal.ValidatableResponseOptionsImpl.statusCode(ValidatableResponseOptionsImpl.java:117)
	at com.test.project.tests.CreateEmail_POST_Test.createEmailValidAndInvalidInputFieldValues(CreateEmail_POST_Test.java:69)
... Removed 35 stack frames
</div> <!-- stack-trace -->
                </div> <!-- method-content -->
              </div> <!-- method -->
              <div class="method">
                <div class="method-content">
                  <a name="createEmailValidAndInvalidInputFieldValues({***Comments on TestData***=NumericValuesForNames, StatusCode=400, ExpectedEmail=dytgmail.com, First...)">
                  </a> <!-- createEmailValidAndInvalidInputFieldValues({***Comments on TestData***=NumericValuesForNames, StatusCode=400, ExpectedEmail=dytgmail.com, First...) -->
                  <span class="method-name">createEmailValidAndInvalidInputFieldValues</span>
                  <span class="parameters">({***Comments on TestData***=NumericValuesForNames, StatusCode=400, ExpectedEmail=dytgmail.com, FirstName=1234, Password=a2q4y4Qu, LastName=123, Title=Mr, Email=dyt@gmail.com})</span>
                  <div class="stack-trace">java.lang.AssertionError: 1 expectation failed.
Expected status code &lt;400&gt; but was &lt;200&gt;.

	at org.codehaus.groovy.runtime.callsite.ConstructorSite$ConstructorSiteNoUnwrap.callConstructor(ConstructorSite.java:84)
	at org.codehaus.groovy.runtime.callsite.AbstractCallSite.callConstructor(AbstractCallSite.java:247)
	at io.restassured.internal.ResponseSpecificationImpl$HamcrestAssertionClosure.validate(ResponseSpecificationImpl.groovy:471)
	at io.restassured.internal.ResponseSpecificationImpl$HamcrestAssertionClosure$validate$1.call(Unknown Source)
	at io.restassured.internal.ResponseSpecificationImpl.validateResponseIfRequired(ResponseSpecificationImpl.groovy:643)
	at org.codehaus.groovy.runtime.callsite.PogoMetaMethodSite$PogoCachedMethodSiteNoUnwrapNoCoerce.invoke(PogoMetaMethodSite.java:210)
	at org.codehaus.groovy.runtime.callsite.PogoMetaMethodSite.callCurrent(PogoMetaMethodSite.java:59)
	at org.codehaus.groovy.runtime.callsite.AbstractCallSite.callCurrent(AbstractCallSite.java:166)
	at io.restassured.internal.ResponseSpecificationImpl.statusCode(ResponseSpecificationImpl.groovy:122)
	at io.restassured.specification.ResponseSpecification$statusCode$0.callCurrent(Unknown Source)
	at io.restassured.internal.ResponseSpecificationImpl.statusCode(ResponseSpecificationImpl.groovy:130)
	at io.restassured.internal.ValidatableResponseOptionsImpl.statusCode(ValidatableResponseOptionsImpl.java:117)
	at com.test.project.tests.CreateEmail_POST_Test.createEmailValidAndInvalidInputFieldValues(CreateEmail_POST_Test.java:69)
... Removed 35 stack frames
</div> <!-- stack-trace -->
                </div> <!-- method-content -->
              </div> <!-- method -->
            </div> <!-- main-panel-content rounded-window-bottom -->
          </div> <!-- suite-Test_Suite-class-failed -->
          <div class="suite-Test_Suite-class-passed">
            <div class="main-panel-header rounded-window-top">
              <img src="passed.png"/>
              <span class="class-name">com.test.project.tests.RetrieveEmail_GET_Test</span>
            </div> <!-- main-panel-header rounded-window-top -->
            <div class="main-panel-content rounded-window-bottom">
              <div class="method">
                <div class="method-content">
                  <a name="getEmail">
                  </a> <!-- getEmail -->
                  <span class="method-name">getEmail</span>
                </div> <!-- method-content -->
              </div> <!-- method -->
            </div> <!-- main-panel-content rounded-window-bottom -->
          </div> <!-- suite-Test_Suite-class-passed -->
          <div class="suite-Test_Suite-class-passed">
            <div class="main-panel-header rounded-window-top">
              <img src="passed.png"/>
              <span class="class-name">com.test.project.tests.DeleteEmail_DELETE_Test</span>
            </div> <!-- main-panel-header rounded-window-top -->
            <div class="main-panel-content rounded-window-bottom">
              <div class="method">
                <div class="method-content">
                  <a name="deleteEmail">
                  </a> <!-- deleteEmail -->
                  <span class="method-name">deleteEmail</span>
                </div> <!-- method-content -->
              </div> <!-- method -->
            </div> <!-- main-panel-content rounded-window-bottom -->
          </div> <!-- suite-Test_Suite-class-passed -->
          <div class="suite-Test_Suite-class-passed">
            <div class="main-panel-header rounded-window-top">
              <img src="passed.png"/>
              <span class="class-name">com.test.project.tests.CreateEmail_POST_Test</span>
            </div> <!-- main-panel-header rounded-window-top -->
            <div class="main-panel-content rounded-window-bottom">
              <div class="method">
                <div class="method-content">
                  <a name="createEmailValidAndInvalidInputFieldValues({***Comments on TestData***=ValidData, StatusCode=200, ExpectedEmail=dytgmail.com, FirstName=David, ...)">
                  </a> <!-- createEmailValidAndInvalidInputFieldValues({***Comments on TestData***=ValidData, StatusCode=200, ExpectedEmail=dytgmail.com, FirstName=David, ...) -->
                  <span class="method-name">createEmailValidAndInvalidInputFieldValues</span>
                  <span class="parameters">({***Comments on TestData***=ValidData, StatusCode=200, ExpectedEmail=dytgmail.com, FirstName=David, Password=a2q4y4Qu, LastName=Allen, Title=Mr, Email=dyt@gmail.com})</span>
                </div> <!-- method-content -->
              </div> <!-- method -->
            </div> <!-- main-panel-content rounded-window-bottom -->
          </div> <!-- suite-Test_Suite-class-passed -->
        </div> <!-- panel Test_Suite -->
        <div panel-name="test-xml-Test_Suite" class="panel">
          <div class="main-panel-header rounded-window-top">
            <span class="header-content">C:\Users\cchinnaiah\workspacedebug\RestTestProject\testsuite.xml</span>
          </div> <!-- main-panel-header rounded-window-top -->
          <div class="main-panel-content rounded-window-bottom">
            <pre>
&lt;?xml version=&quot;1.0&quot; encoding=&quot;UTF-8&quot;?&gt;
&lt;!DOCTYPE suite SYSTEM &quot;http://testng.org/testng-1.0.dtd&quot;&gt;
&lt;suite guice-stage=&quot;DEVELOPMENT&quot; name=&quot;Test Suite&quot;&gt;
  &lt;test name=&quot;RestAssured Automation Test&quot;&gt;
    &lt;classes&gt;
      &lt;class name=&quot;com.test.project.tests.CreateEmail_POST_Test&quot;/&gt;
      &lt;class name=&quot;com.test.project.tests.RetrieveEmail_GET_Test&quot;/&gt;
      &lt;class name=&quot;com.test.project.tests.DeleteEmail_DELETE_Test&quot;/&gt;
    &lt;/classes&gt;
  &lt;/test&gt; &lt;!-- RestAssured Automation Test --&gt;
&lt;/suite&gt; &lt;!-- Test Suite --&gt;
            </pre>
          </div> <!-- main-panel-content rounded-window-bottom -->
        </div> <!-- panel -->
        <div panel-name="testlist-Test_Suite" class="panel">
          <div class="main-panel-header rounded-window-top">
            <span class="header-content">Tests for Test Suite</span>
          </div> <!-- main-panel-header rounded-window-top -->
          <div class="main-panel-content rounded-window-bottom">
            <ul>
              <li>
                <span class="test-name">RestAssured Automation Test (3 classes)</span>
              </li>
            </ul>
          </div> <!-- main-panel-content rounded-window-bottom -->
        </div> <!-- panel -->
        <div panel-name="group-Test_Suite" class="panel">
          <div class="main-panel-header rounded-window-top">
            <span class="header-content">Groups for Test Suite</span>
          </div> <!-- main-panel-header rounded-window-top -->
          <div class="main-panel-content rounded-window-bottom">
          </div> <!-- main-panel-content rounded-window-bottom -->
        </div> <!-- panel -->
        <div panel-name="times-Test_Suite" class="panel">
          <div class="main-panel-header rounded-window-top">
            <span class="header-content">Times for Test Suite</span>
          </div> <!-- main-panel-header rounded-window-top -->
          <div class="main-panel-content rounded-window-bottom">
            <div class="times-div">
              <script type="text/javascript">
suiteTableInitFunctions.push('tableData_Test_Suite');
function tableData_Test_Suite() {
var data = new google.visualization.DataTable();
data.addColumn('number', 'Number');
data.addColumn('string', 'Method');
data.addColumn('string', 'Class');
data.addColumn('number', 'Time (ms)');
data.addRows(9);
data.setCell(0, 0, 0)
data.setCell(0, 1, 'createEmailValidAndInvalidInputFieldValues')
data.setCell(0, 2, 'com.test.project.tests.CreateEmail_POST_Test')
data.setCell(0, 3, 5624);
data.setCell(1, 0, 1)
data.setCell(1, 1, 'createEmailValidAndInvalidInputFieldValues')
data.setCell(1, 2, 'com.test.project.tests.CreateEmail_POST_Test')
data.setCell(1, 3, 222);
data.setCell(2, 0, 2)
data.setCell(2, 1, 'createEmailValidAndInvalidInputFieldValues')
data.setCell(2, 2, 'com.test.project.tests.CreateEmail_POST_Test')
data.setCell(2, 3, 206);
data.setCell(3, 0, 3)
data.setCell(3, 1, 'getEmail')
data.setCell(3, 2, 'com.test.project.tests.RetrieveEmail_GET_Test')
data.setCell(3, 3, 144);
data.setCell(4, 0, 4)
data.setCell(4, 1, 'createEmailValidAndInvalidInputFieldValues')
data.setCell(4, 2, 'com.test.project.tests.CreateEmail_POST_Test')
data.setCell(4, 3, 133);
data.setCell(5, 0, 5)
data.setCell(5, 1, 'createEmailValidAndInvalidInputFieldValues')
data.setCell(5, 2, 'com.test.project.tests.CreateEmail_POST_Test')
data.setCell(5, 3, 125);
data.setCell(6, 0, 6)
data.setCell(6, 1, 'createEmailValidAndInvalidInputFieldValues')
data.setCell(6, 2, 'com.test.project.tests.CreateEmail_POST_Test')
data.setCell(6, 3, 125);
data.setCell(7, 0, 7)
data.setCell(7, 1, 'createEmailValidAndInvalidInputFieldValues')
data.setCell(7, 2, 'com.test.project.tests.CreateEmail_POST_Test')
data.setCell(7, 3, 121);
data.setCell(8, 0, 8)
data.setCell(8, 1, 'deleteEmail')
data.setCell(8, 2, 'com.test.project.tests.DeleteEmail_DELETE_Test')
data.setCell(8, 3, 116);
window.suiteTableData['Test_Suite']= { tableData: data, tableDiv: 'times-div-Test_Suite'}
return data;
}
              </script>
              <span class="suite-total-time">Total running time: 6 seconds</span>
              <div id="times-div-Test_Suite">
              </div> <!-- times-div-Test_Suite -->
            </div> <!-- times-div -->
          </div> <!-- main-panel-content rounded-window-bottom -->
        </div> <!-- panel -->
        <div panel-name="reporter-Test_Suite" class="panel">
          <div class="main-panel-header rounded-window-top">
            <span class="header-content">Reporter output for Test Suite</span>
          </div> <!-- main-panel-header rounded-window-top -->
          <div class="main-panel-content rounded-window-bottom">
          </div> <!-- main-panel-content rounded-window-bottom -->
        </div> <!-- panel -->
        <div panel-name="ignored-methods-Test_Suite" class="panel">
          <div class="main-panel-header rounded-window-top">
            <span class="header-content">0 ignored methods</span>
          </div> <!-- main-panel-header rounded-window-top -->
          <div class="main-panel-content rounded-window-bottom">
          </div> <!-- main-panel-content rounded-window-bottom -->
        </div> <!-- panel -->
        <div panel-name="chronological-Test_Suite" class="panel">
          <div class="main-panel-header rounded-window-top">
            <span class="header-content">Methods in chronological order</span>
          </div> <!-- main-panel-header rounded-window-top -->
          <div class="main-panel-content rounded-window-bottom">
            <div class="chronological-class">
              <div class="chronological-class-name">com.test.project.tests.CreateEmail_POST_Test</div> <!-- chronological-class-name -->
              <div class="configuration-class before">
                <span class="method-name">setup</span>
                <span class="method-start">0 ms</span>
              </div> <!-- configuration-class before -->
              <div class="test-method">
                <span class="method-name">createEmailValidAndInvalidInputFieldValues({***Comments on TestData***=ValidData, StatusCode=200, ExpectedEmail=dytgmail.com, FirstName=David, ...)</span>
                <span class="method-start">2230 ms</span>
              </div> <!-- test-method -->
              <div class="test-method">
                <img src="failed.png">
                </img>
                <span class="method-name">createEmailValidAndInvalidInputFieldValues({***Comments on TestData***=WrongPassword, StatusCode=401, ExpectedEmail=restapi.com, FirstName=Rest...)</span>
                <span class="method-start">7857 ms</span>
              </div> <!-- test-method -->
              <div class="test-method">
                <img src="failed.png">
                </img>
                <span class="method-name">createEmailValidAndInvalidInputFieldValues({***Comments on TestData***=TitleNotGiven, StatusCode=200, ExpectedEmail=chantest.com, FirstName=Cha...)</span>
                <span class="method-start">8083 ms</span>
              </div> <!-- test-method -->
              <div class="test-method">
                <img src="failed.png">
                </img>
                <span class="method-name">createEmailValidAndInvalidInputFieldValues({***Comments on TestData***=NoLastName, StatusCode=400, ExpectedEmail=dytgmail.com, FirstName=David,...)</span>
                <span class="method-start">8292 ms</span>
              </div> <!-- test-method -->
              <div class="test-method">
                <img src="failed.png">
                </img>
                <span class="method-name">createEmailValidAndInvalidInputFieldValues({***Comments on TestData***=NumericValuesForNames, StatusCode=400, ExpectedEmail=dytgmail.com, First...)</span>
                <span class="method-start">8427 ms</span>
              </div> <!-- test-method -->
              <div class="test-method">
                <img src="failed.png">
                </img>
                <span class="method-name">createEmailValidAndInvalidInputFieldValues({***Comments on TestData***=SpecialCharacterLastName, StatusCode=400, ExpectedEmail=restapi.com, Fir...)</span>
                <span class="method-start">8554 ms</span>
              </div> <!-- test-method -->
              <div class="test-method">
                <img src="failed.png">
                </img>
                <span class="method-name">createEmailValidAndInvalidInputFieldValues({***Comments on TestData***=MaximumLengthExceeded, StatusCode=400, ExpectedEmail=dytgmail.com, First...)</span>
                <span class="method-start">8677 ms</span>
              </div> <!-- test-method -->
            </div> <!-- chronological-class -->
            <div class="chronological-class">
              <div class="chronological-class-name">com.test.project.tests.RetrieveEmail_GET_Test</div> <!-- chronological-class-name -->
              <div class="configuration-class before">
                <span class="method-name">setup</span>
                <span class="method-start">8806 ms</span>
              </div> <!-- configuration-class before -->
              <div class="test-method">
                <span class="method-name">getEmail</span>
                <span class="method-start">8808 ms</span>
              </div> <!-- test-method -->
            </div> <!-- chronological-class -->
            <div class="chronological-class">
              <div class="chronological-class-name">com.test.project.tests.DeleteEmail_DELETE_Test</div> <!-- chronological-class-name -->
              <div class="configuration-class before">
                <span class="method-name">setup</span>
                <span class="method-start">8956 ms</span>
              </div> <!-- configuration-class before -->
              <div class="test-method">
                <span class="method-name">deleteEmail</span>
                <span class="method-start">8957 ms</span>
              </div> <!-- test-method -->
          </div> <!-- main-panel-content rounded-window-bottom -->
        </div> <!-- panel -->
      </div> <!-- main-panel-root -->
    </div> <!-- wrapper -->
  </body>
</html>
